<?xml version="1.0" encoding="UTF-8"?>
<!-- Generated by org.testng.reporters.JUnitXMLReporter -->
<testsuite hostname="ICPL13076" ignored="0" name="First Test" tests="3" failures="0" timestamp="02 Jul 2019 12:07:34 GMT" time="5.928" errors="0">
  <testcase name="testSigin" time="4.292" classname="com.pom.test.SigninInvalidUserNameAndPasswordTest"/>
  <testcase name="testSigin" time="0.628" classname="com.pom.test.SigninInvalidUserNameAndPasswordTest"/>
  <testcase name="testSigin" time="0.887" classname="com.pom.test.SigninInvalidUserNameAndPasswordTest"/>
</testsuite> <!-- First Test -->
