<?xml version="1.0" encoding="UTF-8"?>
<!-- Generated by org.testng.reporters.JUnitXMLReporter -->
<testsuite hostname="ICPL13076" ignored="0" name="First Test" tests="3" failures="0" timestamp="02 Jul 2019 12:04:49 GMT" time="6.37" errors="0">
  <testcase name="testSigin" time="4.441" classname="com.pom.test.SigninInvalidUserNameAndPasswordTest"/>
  <testcase name="testSigin" time="0.927" classname="com.pom.test.SigninInvalidUserNameAndPasswordTest"/>
  <testcase name="testSigin" time="0.883" classname="com.pom.test.SigninInvalidUserNameAndPasswordTest"/>
</testsuite> <!-- First Test -->
