<?xml version="1.0" encoding="UTF-8"?>
<testng-results skipped="0" failed="0" ignored="0" total="1" passed="1">
  <reporter-output>
    <line>
      <![CDATA[<div style="display:block;margin-left:10px;"></div>]]>
    </line>
  </reporter-output>
  <suite name="QAF Demo" duration-ms="3986" started-at="2019-07-02T08:02:28Z" finished-at="2019-07-02T08:02:32Z">
    <groups>
    </groups>
    <test name="First Test" duration-ms="3986" started-at="2019-07-02T08:02:28Z" finished-at="2019-07-02T08:02:32Z">
      <class name="com.pom.test.SigninTest">
        <test-method status="PASS" signature="setupSuit(org.testng.ITestContext)[pri:0, instance:com.pom.test.SigninTest@15bb5034]" name="setupSuit" is-config="true" duration-ms="8" started-at="2019-07-02T13:32:28Z" finished-at="2019-07-02T13:32:28Z">
          <params>
            <param index="0">
              <value>
                <![CDATA[org.testng.TestRunner@24569dba]]>
              </value>
            </param>
          </params>
          <reporter-output>
          </reporter-output>
        </test-method> <!-- setupSuit -->
        <test-method status="PASS" signature="setupTest(org.testng.ITestContext)[pri:0, instance:com.pom.test.SigninTest@15bb5034]" name="setupTest" is-config="true" duration-ms="1" started-at="2019-07-02T13:32:28Z" finished-at="2019-07-02T13:32:28Z">
          <params>
            <param index="0">
              <value>
                <![CDATA[org.testng.TestRunner@24569dba]]>
              </value>
            </param>
          </params>
          <reporter-output>
          </reporter-output>
        </test-method> <!-- setupTest -->
        <test-method status="PASS" signature="setup(org.testng.ITestContext)[pri:0, instance:com.pom.test.SigninTest@15bb5034]" name="setup" is-config="true" duration-ms="0" started-at="2019-07-02T13:32:28Z" finished-at="2019-07-02T13:32:28Z">
          <params>
            <param index="0">
              <value>
                <![CDATA[org.testng.TestRunner@24569dba]]>
              </value>
            </param>
          </params>
          <reporter-output>
          </reporter-output>
        </test-method> <!-- setup -->
        <test-method status="PASS" signature="setupMethod(java.lang.reflect.Method, org.testng.ITestContext)[pri:0, instance:com.pom.test.SigninTest@15bb5034]" name="setupMethod" is-config="true" duration-ms="1" started-at="2019-07-02T13:32:28Z" finished-at="2019-07-02T13:32:28Z">
          <params>
            <param index="0">
              <value>
                <![CDATA[public void com.pom.test.SigninTest.testSigin(java.util.Map)]]>
              </value>
            </param>
            <param index="1">
              <value>
                <![CDATA[org.testng.TestRunner@24569dba]]>
              </value>
            </param>
          </params>
          <reporter-output>
          </reporter-output>
        </test-method> <!-- setupMethod -->
        <test-method status="PASS" signature="testSigin(java.util.Map)[pri:0, instance:com.pom.test.SigninTest@15bb5034]" name="testSigin" duration-ms="3890" started-at="2019-07-02T13:32:28Z" description="CSVdata.demo" finished-at="2019-07-02T13:32:32Z">
          <params>
            <param index="0">
              <value>
                <![CDATA[{username	password=guest	guest}]]>
              </value>
            </param>
          </params>
          <reporter-output>
            <line>
              <![CDATA[<div style="display:block;margin-left:10px;"></div>]]>
            </line>
          </reporter-output>
        </test-method> <!-- testSigin -->
        <test-method status="PASS" signature="afterMethod(org.testng.ITestContext, org.testng.ITestResult)[pri:0, instance:com.pom.test.SigninTest@15bb5034]" name="afterMethod" is-config="true" duration-ms="1" started-at="2019-07-02T13:32:32Z" finished-at="2019-07-02T13:32:32Z">
          <params>
            <param index="0">
              <value>
                <![CDATA[org.testng.TestRunner@24569dba]]>
              </value>
            </param>
            <param index="1">
              <value>
                <![CDATA[[TestResult name=testSigin status=SUCCESS method=SigninTest.testSigin(java.util.Map)[pri:0, instance:com.pom.test.SigninTest@15bb5034] output=<div style="display:block;margin-left:10px;"></div>]]]>
              </value>
            </param>
          </params>
          <reporter-output>
          </reporter-output>
        </test-method> <!-- afterMethod -->
        <test-method status="PASS" signature="afterClass(org.testng.ITestContext)[pri:0, instance:com.pom.test.SigninTest@15bb5034]" name="afterClass" is-config="true" duration-ms="0" started-at="2019-07-02T13:32:32Z" finished-at="2019-07-02T13:32:32Z">
          <params>
            <param index="0">
              <value>
                <![CDATA[org.testng.TestRunner@24569dba]]>
              </value>
            </param>
          </params>
          <reporter-output>
          </reporter-output>
        </test-method> <!-- afterClass -->
        <test-method status="PASS" signature="afterTest(org.testng.ITestContext)[pri:0, instance:com.pom.test.SigninTest@15bb5034]" name="afterTest" is-config="true" duration-ms="59" started-at="2019-07-02T13:32:32Z" finished-at="2019-07-02T13:32:32Z">
          <params>
            <param index="0">
              <value>
                <![CDATA[org.testng.TestRunner@24569dba]]>
              </value>
            </param>
          </params>
          <reporter-output>
          </reporter-output>
        </test-method> <!-- afterTest -->
        <test-method status="PASS" signature="afterSuit(org.testng.ITestContext)[pri:0, instance:com.pom.test.SigninTest@15bb5034]" name="afterSuit" is-config="true" duration-ms="1" started-at="2019-07-02T13:32:32Z" finished-at="2019-07-02T13:32:32Z">
          <params>
            <param index="0">
              <value>
                <![CDATA[org.testng.TestRunner@24569dba]]>
              </value>
            </param>
          </params>
          <reporter-output>
          </reporter-output>
        </test-method> <!-- afterSuit -->
      </class> <!-- com.pom.test.SigninTest -->
    </test> <!-- First Test -->
  </suite> <!-- QAF Demo -->
</testng-results>
