<?xml version="1.0" encoding="UTF-8"?>
<testng-results skipped="0" failed="0" ignored="0" total="1" passed="1">
  <reporter-output>
    <line>
      <![CDATA[<div style="display:block;margin-left:10px;"><div  class="info"><span class="info-label">I </span>This is FlightFinder...... <a href="../img/BookingPage_lj1yvbflsg5d24466.png" target="_blank">[View Screenshot]</a> </div><div  class="info"><span class="info-label">I </span>this is flight Select ......... <a href="../img/BookingPage_17sjq2d7tu5524467.png" target="_blank">[View Screenshot]</a> </div><div  class="info"><span class="info-label">I </span>this is flight booking Page... <a href="../img/BookingPage_196vwt9ahc9sv24468.png" target="_blank">[View Screenshot]</a> </div><div  class="info"><span class="info-label">I </span>this is confirmation page <a href="../img/BookingPage_1gdrzqrq5ce7l24469.png" target="_blank">[View Screenshot]</a> </div></div>]]>
    </line>
  </reporter-output>
  <suite name="QAF Demo" duration-ms="20731" started-at="2019-07-09T07:09:01Z" finished-at="2019-07-09T07:09:22Z">
    <groups>
    </groups>
    <test name="First Test" duration-ms="20731" started-at="2019-07-09T07:09:01Z" finished-at="2019-07-09T07:09:22Z">
      <class name="com.pom.test.FlightFinderTest">
        <test-method status="PASS" signature="setupSuit(org.testng.ITestContext)[pri:0, instance:com.pom.test.FlightFinderTest@33c7e1bb]" name="setupSuit" is-config="true" duration-ms="20" started-at="2019-07-09T12:39:01Z" finished-at="2019-07-09T12:39:01Z">
          <params>
            <param index="0">
              <value>
                <![CDATA[org.testng.TestRunner@49e202ad]]>
              </value>
            </param>
          </params>
          <reporter-output>
          </reporter-output>
        </test-method> <!-- setupSuit -->
        <test-method status="PASS" signature="setupTest(org.testng.ITestContext)[pri:0, instance:com.pom.test.FlightFinderTest@33c7e1bb]" name="setupTest" is-config="true" duration-ms="2" started-at="2019-07-09T12:39:01Z" finished-at="2019-07-09T12:39:01Z">
          <params>
            <param index="0">
              <value>
                <![CDATA[org.testng.TestRunner@49e202ad]]>
              </value>
            </param>
          </params>
          <reporter-output>
          </reporter-output>
        </test-method> <!-- setupTest -->
        <test-method status="PASS" signature="setup(org.testng.ITestContext)[pri:0, instance:com.pom.test.FlightFinderTest@33c7e1bb]" name="setup" is-config="true" duration-ms="1" started-at="2019-07-09T12:39:01Z" finished-at="2019-07-09T12:39:01Z">
          <params>
            <param index="0">
              <value>
                <![CDATA[org.testng.TestRunner@49e202ad]]>
              </value>
            </param>
          </params>
          <reporter-output>
          </reporter-output>
        </test-method> <!-- setup -->
        <test-method status="PASS" signature="setupMethod(java.lang.reflect.Method, org.testng.ITestContext)[pri:0, instance:com.pom.test.FlightFinderTest@33c7e1bb]" name="setupMethod" is-config="true" duration-ms="1" started-at="2019-07-09T12:39:01Z" finished-at="2019-07-09T12:39:01Z">
          <params>
            <param index="0">
              <value>
                <![CDATA[public void com.pom.test.FlightFinderTest.bookingPage()]]>
              </value>
            </param>
            <param index="1">
              <value>
                <![CDATA[org.testng.TestRunner@49e202ad]]>
              </value>
            </param>
          </params>
          <reporter-output>
          </reporter-output>
        </test-method> <!-- setupMethod -->
        <test-method status="PASS" signature="bookingPage()[pri:0, instance:com.pom.test.FlightFinderTest@33c7e1bb]" name="bookingPage" duration-ms="20665" started-at="2019-07-09T12:39:01Z" description="this is my flight booking page ....." finished-at="2019-07-09T12:39:21Z">
          <reporter-output>
            <line>
              <![CDATA[<div style="display:block;margin-left:10px;"><div  class="info"><span class="info-label">I </span>This is FlightFinder...... <a href="../img/BookingPage_lj1yvbflsg5d24466.png" target="_blank">[View Screenshot]</a> </div><div  class="info"><span class="info-label">I </span>this is flight Select ......... <a href="../img/BookingPage_17sjq2d7tu5524467.png" target="_blank">[View Screenshot]</a> </div><div  class="info"><span class="info-label">I </span>this is flight booking Page... <a href="../img/BookingPage_196vwt9ahc9sv24468.png" target="_blank">[View Screenshot]</a> </div><div  class="info"><span class="info-label">I </span>this is confirmation page <a href="../img/BookingPage_1gdrzqrq5ce7l24469.png" target="_blank">[View Screenshot]</a> </div></div>]]>
            </line>
          </reporter-output>
        </test-method> <!-- bookingPage -->
        <test-method status="PASS" signature="afterMethod(org.testng.ITestContext, org.testng.ITestResult)[pri:0, instance:com.pom.test.FlightFinderTest@33c7e1bb]" name="afterMethod" is-config="true" duration-ms="1" started-at="2019-07-09T12:39:21Z" finished-at="2019-07-09T12:39:21Z">
          <params>
            <param index="0">
              <value>
                <![CDATA[org.testng.TestRunner@49e202ad]]>
              </value>
            </param>
            <param index="1">
              <value>
                <![CDATA[[TestResult name=bookingPage status=SUCCESS method=FlightFinderTest.bookingPage()[pri:0, instance:com.pom.test.FlightFinderTest@33c7e1bb] output=<div style="display:block;margin-left:10px;"><div  class="info"><span class="info-label">I </span>This is FlightFinder...... <a href="../img/BookingPage_lj1yvbflsg5d24466.png" target="_blank">[View Screenshot]</a> </div><div  class="info"><span class="info-label">I </span>this is flight Select ......... <a href="../img/BookingPage_17sjq2d7tu5524467.png" target="_blank">[View Screenshot]</a> </div><div  class="info"><span class="info-label">I </span>this is flight booking Page... <a href="../img/BookingPage_196vwt9ahc9sv24468.png" target="_blank">[View Screenshot]</a> </div><div  class="info"><span class="info-label">I </span>this is confirmation page <a href="../img/BookingPage_1gdrzqrq5ce7l24469.png" target="_blank">[View Screenshot]</a> </div></div>]]]>
              </value>
            </param>
          </params>
          <reporter-output>
          </reporter-output>
        </test-method> <!-- afterMethod -->
        <test-method status="PASS" signature="afterClass(org.testng.ITestContext)[pri:0, instance:com.pom.test.FlightFinderTest@33c7e1bb]" name="afterClass" is-config="true" duration-ms="0" started-at="2019-07-09T12:39:21Z" finished-at="2019-07-09T12:39:21Z">
          <params>
            <param index="0">
              <value>
                <![CDATA[org.testng.TestRunner@49e202ad]]>
              </value>
            </param>
          </params>
          <reporter-output>
          </reporter-output>
        </test-method> <!-- afterClass -->
        <test-method status="PASS" signature="afterTest(org.testng.ITestContext)[pri:0, instance:com.pom.test.FlightFinderTest@33c7e1bb]" name="afterTest" is-config="true" duration-ms="38" started-at="2019-07-09T12:39:21Z" finished-at="2019-07-09T12:39:22Z">
          <params>
            <param index="0">
              <value>
                <![CDATA[org.testng.TestRunner@49e202ad]]>
              </value>
            </param>
          </params>
          <reporter-output>
          </reporter-output>
        </test-method> <!-- afterTest -->
        <test-method status="PASS" signature="afterSuit(org.testng.ITestContext)[pri:0, instance:com.pom.test.FlightFinderTest@33c7e1bb]" name="afterSuit" is-config="true" duration-ms="1" started-at="2019-07-09T12:39:22Z" finished-at="2019-07-09T12:39:22Z">
          <params>
            <param index="0">
              <value>
                <![CDATA[org.testng.TestRunner@49e202ad]]>
              </value>
            </param>
          </params>
          <reporter-output>
          </reporter-output>
        </test-method> <!-- afterSuit -->
      </class> <!-- com.pom.test.FlightFinderTest -->
    </test> <!-- First Test -->
  </suite> <!-- QAF Demo -->
</testng-results>
