<?xml version="1.0" encoding="UTF-8"?>
<!-- Generated by org.testng.reporters.JUnitXMLReporter -->
<testsuite hostname="ICPL13076" ignored="0" name="First Test" tests="3" failures="0" timestamp="11 Jul 2019 03:53:21 GMT" time="602.987" errors="0">
  <testcase name="book" time="17.649" classname="com.pom.test.BookAFlightTest"/>
  <testcase name="book" time="459.519" classname="com.pom.test.BookAFlightTest"/>
  <testcase name="book" time="125.728" classname="com.pom.test.BookAFlightTest"/>
</testsuite> <!-- First Test -->
